{"level":"info","message":"Successfully connected to the database","service":"user-service","timestamp":"2024-06-24 09:57:58"}
{"level":"info","message":"Successfully connected to the database","service":"user-service","timestamp":"2024-06-24 10:04:52"}
{"level":"info","message":"Successfully connected to the database","service":"user-service","timestamp":"2024-06-24 10:08:25"}
{"level":"info","message":"Successfully connected to the database","service":"user-service","timestamp":"2024-06-24 10:08:42"}
{"level":"info","message":"Successfully connected to the database","service":"user-service","timestamp":"2024-06-24 14:42:17"}
{"level":"info","message":"Successfully connected to the database","service":"user-service","timestamp":"2024-06-24 14:46:00"}
{"level":"info","message":"Successfully connected to the database","service":"user-service","timestamp":"2024-06-24 14:47:44"}
{"level":"info","message":"Successfully connected to the database","service":"user-service","timestamp":"2024-06-24 14:48:50"}
{"level":"info","message":"Successfully connected to the database","service":"user-service","timestamp":"2024-06-24 14:51:14"}
{"level":"info","message":"Successfully connected to the database","service":"user-service","timestamp":"2024-06-24 14:52:02"}
{"level":"info","message":"Successfully connected to the database","service":"user-service","timestamp":"2024-06-24 14:52:24"}
{"level":"info","message":"Successfully connected to the database","service":"user-service","timestamp":"2024-06-24 14:55:42"}
{"level":"info","message":"Successfully connected to the database","service":"user-service","timestamp":"2024-06-24 14:57:36"}
{"level":"info","message":"Handling request for loginUser","service":"user-service","timestamp":"2024-06-24 14:57:39"}
{"level":"info","message":"User logged in: admin1@gmail.com","service":"user-service","timestamp":"2024-06-24 14:57:45"}
{"level":"info","message":"Handling request for loginUser","service":"user-service","timestamp":"2024-06-24 15:02:20"}
{"level":"info","message":"User logged in: khanhromvn@gmail.com","service":"user-service","timestamp":"2024-06-24 15:02:21"}
{"level":"info","message":"Successfully connected to the database","service":"user-service","timestamp":"2024-06-24 16:01:32"}
{"level":"info","message":"Successfully connected to the database","service":"user-service","timestamp":"2024-06-24 17:56:03"}
{"code":21211,"level":"error","message":"Error updating phone number: Invalid 'To' Phone Number: 077346XXXX","moreInfo":"https://www.twilio.com/docs/errors/21211","service":"user-service","stack":"Error: Invalid 'To' Phone Number: 077346XXXX\n    at success (C:\\Users\\Khanh Rom\\Documents\\Coding\\salesoBE\\node_modules\\twilio\\lib\\base\\Version.js:79:23)\n    at process.processTicksAndRejections (node:internal/process/task_queues:95:5)\n    at async updatePhone (C:\\Users\\Khanh Rom\\Documents\\Coding\\salesoBE\\controller\\user.controller.js:152:9)","status":400,"timestamp":"2024-06-24 17:56:14"}
{"level":"info","message":"Successfully connected to the database","service":"user-service","timestamp":"2024-06-24 17:59:38"}
{"level":"info","message":"Successfully connected to the database","service":"user-service","timestamp":"2024-06-24 18:00:11"}
{"level":"info","message":"Successfully connected to the database","service":"user-service","timestamp":"2024-06-24 18:00:25"}
{"level":"info","message":"Successfully connected to the database","service":"user-service","timestamp":"2024-06-24 18:00:35"}
{"level":"info","message":"Successfully connected to the database","service":"user-service","timestamp":"2024-06-24 18:13:41"}
{"code":60200,"level":"error","message":"Lỗi khi cập nhật số điện thoại: Invalid parameter `To`: 0773460221","moreInfo":"https://www.twilio.com/docs/errors/60200","service":"user-service","stack":"Error: Invalid parameter `To`: 0773460221\n    at success (C:\\Users\\Khanh Rom\\Documents\\Coding\\salesoBE\\node_modules\\twilio\\lib\\base\\Version.js:79:23)\n    at process.processTicksAndRejections (node:internal/process/task_queues:95:5)\n    at async updatePhone (C:\\Users\\Khanh Rom\\Documents\\Coding\\salesoBE\\controller\\user.controller.js:155:30)","status":400,"timestamp":"2024-06-24 18:14:30"}
{"code":21608,"level":"error","message":"Lỗi khi cập nhật số điện thoại: The phone number is unverified. Trial accounts cannot send messages to unverified numbers; verify it at twilio.com/user/account/phone-numbers/verified","moreInfo":"https://www.twilio.com/docs/errors/21608","service":"user-service","stack":"Error: The phone number is unverified. Trial accounts cannot send messages to unverified numbers; verify it at twilio.com/user/account/phone-numbers/verified\n    at success (C:\\Users\\Khanh Rom\\Documents\\Coding\\salesoBE\\node_modules\\twilio\\lib\\base\\Version.js:79:23)\n    at process.processTicksAndRejections (node:internal/process/task_queues:95:5)\n    at async updatePhone (C:\\Users\\Khanh Rom\\Documents\\Coding\\salesoBE\\controller\\user.controller.js:155:30)","status":403,"timestamp":"2024-06-24 18:15:17"}
{"level":"info","message":"Successfully connected to the database","service":"user-service","timestamp":"2024-06-24 18:15:26"}
{"level":"info","message":"Successfully connected to the database","service":"user-service","timestamp":"2024-06-24 18:47:04"}
{"code":21608,"level":"error","message":"Error when updating phone number: The number +8477346XXXX is unverified. Trial accounts cannot send messages to unverified numbers; verify +8477346XXXX at twilio.com/user/account/phone-numbers/verified, or purchase a Twilio number to send messages to unverified numbers","moreInfo":"https://www.twilio.com/docs/errors/21608","service":"user-service","stack":"Error: The number +8477346XXXX is unverified. Trial accounts cannot send messages to unverified numbers; verify +8477346XXXX at twilio.com/user/account/phone-numbers/verified, or purchase a Twilio number to send messages to unverified numbers\n    at success (C:\\Users\\Khanh Rom\\Documents\\Coding\\salesoBE\\node_modules\\twilio\\lib\\base\\Version.js:79:23)\n    at process.processTicksAndRejections (node:internal/process/task_queues:95:5)\n    at async updatePhone (C:\\Users\\Khanh Rom\\Documents\\Coding\\salesoBE\\controller\\user.controller.js:157:9)","status":400,"timestamp":"2024-06-24 18:47:21"}
{"level":"info","message":"Successfully connected to the database","service":"user-service","timestamp":"2024-06-24 18:52:18"}
{"code":21608,"level":"error","message":"Error when updating phone number: The number +8477346XXXX is unverified. Trial accounts cannot send messages to unverified numbers; verify +8477346XXXX at twilio.com/user/account/phone-numbers/verified, or purchase a Twilio number to send messages to unverified numbers","moreInfo":"https://www.twilio.com/docs/errors/21608","service":"user-service","stack":"Error: The number +8477346XXXX is unverified. Trial accounts cannot send messages to unverified numbers; verify +8477346XXXX at twilio.com/user/account/phone-numbers/verified, or purchase a Twilio number to send messages to unverified numbers\n    at success (C:\\Users\\Khanh Rom\\Documents\\Coding\\salesoBE\\node_modules\\twilio\\lib\\base\\Version.js:79:23)\n    at process.processTicksAndRejections (node:internal/process/task_queues:95:5)\n    at async updatePhone (C:\\Users\\Khanh Rom\\Documents\\Coding\\salesoBE\\controller\\user.controller.js:161:9)","status":400,"timestamp":"2024-06-24 18:52:43"}
{"level":"info","message":"Successfully connected to the database","service":"user-service","timestamp":"2024-06-24 18:54:47"}
{"level":"info","message":"Successfully connected to the database","service":"user-service","timestamp":"2024-06-24 18:55:24"}
{"level":"info","message":"Successfully connected to the database","service":"user-service","timestamp":"2024-06-24 18:57:34"}
{"level":"info","message":"Successfully connected to the database","service":"user-service","timestamp":"2024-06-24 19:10:20"}
{"level":"info","message":"Successfully connected to the database","service":"user-service","timestamp":"2024-06-24 19:11:36"}
{"level":"info","message":"Successfully connected to the database","service":"user-service","timestamp":"2024-06-24 19:34:41"}
{"level":"info","message":"Successfully connected to the database","service":"user-service","timestamp":"2024-06-24 19:45:37"}
{"level":"info","message":"Successfully connected to the database","service":"user-service","timestamp":"2024-06-24 19:46:14"}
{"level":"info","message":"Successfully connected to the database","service":"user-service","timestamp":"2024-06-24 19:46:35"}
{"level":"info","message":"Successfully connected to the database","service":"user-service","timestamp":"2024-06-24 19:47:15"}
{"level":"info","message":"Successfully connected to the database","service":"user-service","timestamp":"2024-06-24 19:47:39"}
{"level":"info","message":"Successfully connected to the database","service":"user-service","timestamp":"2024-06-24 19:48:37"}
{"level":"info","message":"Successfully connected to the database","service":"user-service","timestamp":"2024-06-24 19:49:49"}
{"level":"info","message":"Handling request for loginUser","service":"user-service","timestamp":"2024-06-24 19:51:22"}
{"level":"info","message":"User logged in: khanhromvn@gmail.com","service":"user-service","timestamp":"2024-06-24 19:51:23"}
{"level":"error","message":"Error changing password: bcrypt is not defined","service":"user-service","stack":"ReferenceError: bcrypt is not defined\n    at Object.updatePassword (C:\\Users\\Khanh Rom\\Documents\\Coding\\salesoBE\\models\\UserModel.js:189:33)\n    at process.processTicksAndRejections (node:internal/process/task_queues:95:5)\n    at async updatePassword (C:\\Users\\Khanh Rom\\Documents\\Coding\\salesoBE\\controller\\user.controller.js:90:9)","timestamp":"2024-06-24 19:54:27"}
{"level":"info","message":"Successfully connected to the database","service":"user-service","timestamp":"2024-06-24 19:55:24"}
{"level":"info","message":"Successfully connected to the database","service":"user-service","timestamp":"2024-06-24 19:56:41"}
{"level":"info","message":"Successfully connected to the database","service":"user-service","timestamp":"2024-06-24 19:57:50"}
{"level":"error","message":"Error changing password: saltRounds is not defined","service":"user-service","stack":"ReferenceError: saltRounds is not defined\n    at Object.updatePassword (C:\\Users\\Khanh Rom\\Documents\\Coding\\salesoBE\\models\\UserModel.js:196:63)\n    at async updatePassword (C:\\Users\\Khanh Rom\\Documents\\Coding\\salesoBE\\controller\\user.controller.js:89:9)","timestamp":"2024-06-24 19:57:55"}
{"level":"info","message":"Successfully connected to the database","service":"user-service","timestamp":"2024-06-24 19:58:30"}
{"level":"error","message":"Error changing password: db is not defined","service":"user-service","stack":"ReferenceError: db is not defined\n    at Object.updatePassword (C:\\Users\\Khanh Rom\\Documents\\Coding\\salesoBE\\models\\UserModel.js:198:9)\n    at async updatePassword (C:\\Users\\Khanh Rom\\Documents\\Coding\\salesoBE\\controller\\user.controller.js:89:9)","timestamp":"2024-06-24 19:58:33"}
{"level":"info","message":"Successfully connected to the database","service":"user-service","timestamp":"2024-06-24 19:59:24"}
{"level":"info","message":"Successfully connected to the database","service":"user-service","timestamp":"2024-06-24 20:00:15"}
{"level":"info","message":"Successfully connected to the database","service":"user-service","timestamp":"2024-06-24 20:00:31"}
{"level":"error","message":"Error changing password: Current password is incorrect","service":"user-service","stack":"Error: Current password is incorrect\n    at Object.updatePassword (C:\\Users\\Khanh Rom\\Documents\\Coding\\salesoBE\\models\\UserModel.js:190:19)\n    at async updatePassword (C:\\Users\\Khanh Rom\\Documents\\Coding\\salesoBE\\controller\\user.controller.js:88:9)","timestamp":"2024-06-24 20:02:29"}
{"level":"info","message":"Successfully connected to the database","service":"user-service","timestamp":"2024-06-24 20:18:53"}
{"level":"error","message":"Error sending OTP: generateOTP is not defined","service":"user-service","stack":"ReferenceError: generateOTP is not defined\n    at forgetPassword (C:\\Users\\Khanh Rom\\Documents\\Coding\\salesoBE\\controller\\user.controller.js:100:21)\n    at Layer.handle [as handle_request] (C:\\Users\\Khanh Rom\\Documents\\Coding\\salesoBE\\node_modules\\express\\lib\\router\\layer.js:95:5)\n    at next (C:\\Users\\Khanh Rom\\Documents\\Coding\\salesoBE\\node_modules\\express\\lib\\router\\route.js:149:13)\n    at Route.dispatch (C:\\Users\\Khanh Rom\\Documents\\Coding\\salesoBE\\node_modules\\express\\lib\\router\\route.js:119:3)\n    at Layer.handle [as handle_request] (C:\\Users\\Khanh Rom\\Documents\\Coding\\salesoBE\\node_modules\\express\\lib\\router\\layer.js:95:5)\n    at C:\\Users\\Khanh Rom\\Documents\\Coding\\salesoBE\\node_modules\\express\\lib\\router\\index.js:284:15\n    at Function.process_params (C:\\Users\\Khanh Rom\\Documents\\Coding\\salesoBE\\node_modules\\express\\lib\\router\\index.js:346:12)\n    at next (C:\\Users\\Khanh Rom\\Documents\\Coding\\salesoBE\\node_modules\\express\\lib\\router\\index.js:280:10)\n    at Function.handle (C:\\Users\\Khanh Rom\\Documents\\Coding\\salesoBE\\node_modules\\express\\lib\\router\\index.js:175:3)\n    at router (C:\\Users\\Khanh Rom\\Documents\\Coding\\salesoBE\\node_modules\\express\\lib\\router\\index.js:47:12)","timestamp":"2024-06-24 20:20:03"}
{"level":"info","message":"Successfully connected to the database","service":"user-service","timestamp":"2024-06-24 20:21:03"}
{"level":"info","message":"Successfully connected to the database","service":"user-service","timestamp":"2024-06-24 20:40:42"}
{"level":"info","message":"Successfully connected to the database","service":"user-service","timestamp":"2024-06-24 20:54:11"}
{"level":"info","message":"Successfully connected to the database","service":"user-service","timestamp":"2024-06-24 20:54:45"}
{"level":"info","message":"OTP sent to email: khanhromvn@gmail.com","service":"user-service","timestamp":"2024-06-24 20:55:17"}
{"level":"error","message":"Error connecting to the database Server selection timed out after 30000 ms","reason":{"commonWireVersion":0,"compatible":true,"heartbeatFrequencyMS":10000,"localThresholdMS":15,"logicalSessionTimeoutMinutes":30,"maxElectionId":null,"maxSetVersion":null,"servers":{},"setName":"atlas-13um6j-shard-0","stale":false,"type":"ReplicaSetNoPrimary"},"service":"user-service","stack":"MongoServerSelectionError: Server selection timed out after 30000 ms\n    at EventTarget.<anonymous> (C:\\Users\\Khanh Rom\\Documents\\Coding\\salesoBE\\node_modules\\mongodb\\lib\\sdam\\topology.js:289:34)\n    at [nodejs.internal.kHybridDispatch] (node:internal/event_target:825:20)\n    at EventTarget.dispatchEvent (node:internal/event_target:760:26)\n    at abortSignal (node:internal/abort_controller:370:10)\n    at TimeoutController.abort (node:internal/abort_controller:392:5)\n    at Timeout.<anonymous> (C:\\Users\\Khanh Rom\\Documents\\Coding\\salesoBE\\node_modules\\mongodb\\lib\\utils.js:976:92)\n    at listOnTimeout (node:internal/timers:573:17)\n    at process.processTimers (node:internal/timers:514:7)","timestamp":"2024-06-24 20:57:08"}
{"level":"info","message":"Successfully connected to the database","service":"user-service","timestamp":"2024-06-24 20:57:45"}
{"level":"info","message":"Successfully connected to the database","service":"user-service","timestamp":"2024-06-24 21:01:05"}
{"level":"error","message":"Error changing password: Current password is incorrect","service":"user-service","stack":"Error: Current password is incorrect\n    at Object.updatePassword (C:\\Users\\Khanh Rom\\Documents\\Coding\\salesoBE\\models\\UserModel.js:190:19)\n    at async updatePassword (C:\\Users\\Khanh Rom\\Documents\\Coding\\salesoBE\\controller\\user.controller.js:93:9)","timestamp":"2024-06-24 21:01:42"}
